AndroidVideoStreaming/androidVideoStreaming/build/intermediates/manifest_merge_blame_file/debug/manifest-merger-blame-debug-report.txt
1<?xml version="1.0" encoding="utf-8"?>
2<manifest xmlns:android="http://schemas.android.com/apk/res/android"
3    package="info.androidhive.androidvideostreaming"
4    android:versionCode="1"
5    android:versionName="1.0" >
6
7    <uses-sdk
8        android:minSdkVersion="23"
8-->src\main\AndroidManifest.xml
9        android:targetSdkVersion="30" />
9-->src\main\AndroidManifest.xml
10
11    <uses-feature
11-->src\main\AndroidManifest.xml:7:5-9:35
12        android:name="android.hardware.camera"
12-->src\main\AndroidManifest.xml:8:9-47
13        android:required="true" />
13-->src\main\AndroidManifest.xml:9:9-32
14    <uses-feature
14-->src\main\AndroidManifest.xml:10:5-12:36
15        android:name="android.hardware.camera.autofocus"
15-->src\main\AndroidManifest.xml:11:9-57
16        android:required="false" />
16-->src\main\AndroidManifest.xml:12:9-33
17
18    <supports-screens
18-->src\main\AndroidManifest.xml:14:5-18:40
19        android:largeScreens="true"
19-->src\main\AndroidManifest.xml:15:9-36
20        android:normalScreens="true"
20-->src\main\AndroidManifest.xml:16:9-37
21        android:smallScreens="true"
21-->src\main\AndroidManifest.xml:17:9-36
22        android:xlargeScreens="true" />
22-->src\main\AndroidManifest.xml:18:9-37
23
24    <uses-permission android:name="android.permission.INTERNET" />
24-->src\main\AndroidManifest.xml:20:5-67
24-->src\main\AndroidManifest.xml:20:22-64
25    <uses-permission android:name="android.permission.WRITE_EXTERNAL_STORAGE" />
25-->src\main\AndroidManifest.xml:21:5-81
25-->src\main\AndroidManifest.xml:21:22-78
26    <uses-permission android:name="android.permission.RECORD_AUDIO" />
26-->src\main\AndroidManifest.xml:22:5-71
26-->src\main\AndroidManifest.xml:22:22-68
27    <uses-permission android:name="android.permission.CAMERA" />
27-->src\main\AndroidManifest.xml:23:5-65
27-->src\main\AndroidManifest.xml:23:22-62
28
29    <application
29-->src\main\AndroidManifest.xml:25:5-40:19
30        android:allowBackup="true"
30-->src\main\AndroidManifest.xml:26:9-35
31        android:appComponentFactory="androidx.core.app.CoreComponentFactory"
31-->[androidx.core:core:1.0.0] AndroidManifest.xml:22:18-86
32        android:debuggable="true"
33        android:extractNativeLibs="false"
34        android:icon="@drawable/ic_launcher"
34-->src\main\AndroidManifest.xml:27:9-45
35        android:label="@string/app_name"
35-->src\main\AndroidManifest.xml:28:9-41
36        android:testOnly="true"
37        android:theme="@style/AppTheme" >
37-->src\main\AndroidManifest.xml:29:9-40
38        <activity
38-->src\main\AndroidManifest.xml:30:9-39:20
39            android:name="info.androidhive.androidvideostreaming.MainActivity"
39-->src\main\AndroidManifest.xml:31:13-79
40            android:label="@string/app_name"
40-->src\main\AndroidManifest.xml:32:13-45
41            android:screenOrientation="landscape" >
41-->src\main\AndroidManifest.xml:33:13-50
42            <intent-filter>
42-->src\main\AndroidManifest.xml:34:13-38:29
43                <action android:name="android.intent.action.MAIN" />
43-->src\main\AndroidManifest.xml:35:17-69
43-->src\main\AndroidManifest.xml:35:25-66
44
45                <category android:name="android.intent.category.LAUNCHER" />
45-->src\main\AndroidManifest.xml:37:17-77
45-->src\main\AndroidManifest.xml:37:27-74
46            </intent-filter>
47        </activity>
48    </application>
49
50</manifest>